@attend@=YES
@name@=Chelsea Garnett
@reason@=
@--------------------------------------@
@attend@=YES
@name@=Chengos Lim
@reason@=HELLZ YA! also, we'll make it 6-9...those of you who need to leave later can be in the late car with Melody :)
@--------------------------------------@
@attend@=YES
@name@=Jessica Bledin
@reason@=I have my dance class form 8-9, and I have to go so that David (not Kale) will be able to swing dance at our wedding!
@--------------------------------------@
@attend@=YES
@name@=Karen Warner
@reason@=woot woot! But I second Melody's motion to do it after 5:45... there's a forum that I'd really like to go to if possible that lasts until 5:45. But I will be there either way! : )
@--------------------------------------@
@attend@=NO
@name@=Katy McCown
@reason@=mmm...a 14 hour plane ride is a bit too far for a 5 hour gig.  see you in january!
@--------------------------------------@
@attend@=YES
@name@=Lindsay Ashby
@reason@=
@--------------------------------------@
@attend@=YES
@name@=Lu-En Wai
@reason@=Woohoo! Gutterball!
@--------------------------------------@
@attend@=YES
@name@=Melissa Kunz
@reason@=Need to leave in early  car though... Econ problem set due Friday
@--------------------------------------@
@attend@=YES
@name@=Melody Alonzo
@reason@=But I can't do it at 5, I have a dance class that runs until 5:45. YAY for social events!
@--------------------------------------@
@attend@=NR
@name@=Ben Newhouse
@reason@=
@--------------------------------------@
@attend@=YES
@name@=Carlos Fernandez
@reason@=I have an Argentine tango class that runs from 7:00 to 8:00. I'd like to go to the class, but if it comes down to it, I'll just skip out this week. Woot Swingtime!
@--------------------------------------@
@attend@=YES
@name@=Chris Wen
@reason@=
@--------------------------------------@
@attend@=YES
@name@=Ed Fei
@reason@=
@--------------------------------------@
@attend@=NO
@name@=Jason Sinocruz
@reason@=I'll be in St. Louis thinking about how much fun you all are having...
@--------------------------------------@
@attend@=YES
@name@=Marc Rillera
@reason@=of course.
@--------------------------------------@
@attend@=YES
@name@=Miko Tsukimoto
@reason@=Who needs a reason to go kick some ass at bowling?
@--------------------------------------@
@attend@=YES
@name@=Peter Bullen
@reason@=hmmm, should I wear the bright yellow, the lime green, or neither?
@--------------------------------------@
