@attend@=YES
@name@=Chelsea Garnett
@reason@=
@--------------------------------------@
@attend@=NR
@name@=Chengos Lim
@reason@=
@--------------------------------------@
@attend@=NO
@name@=Jessica Bledin
@reason@=I'm really sorry, but I will be out of town that weekend.
@--------------------------------------@
@attend@=YES
@name@=Karen Warner
@reason@=yay!
@--------------------------------------@
@attend@=NR
@name@=Katy McCown
@reason@=
@--------------------------------------@
@attend@=YES
@name@=Lindsay Ashby
@reason@=Heck yes! You all rock, yo!
@--------------------------------------@
@attend@=NO
@name@=Lu-En Wai
@reason@=I'll probably be busy  preparing for my annual thesis committee meeting, but I can turn up if there are not enough girls...
@--------------------------------------@
@attend@=YES
@name@=Melissa Kunz
@reason@=yup yup
@--------------------------------------@
@attend@=YES
@name@=Melody Alonzo
@reason@=yay for livers...
@--------------------------------------@
@attend@=YES
@name@=Ben Newhouse
@reason@=
@--------------------------------------@
@attend@=YES
@name@=Carlos Fernandez
@reason@=Woooooo!!
@--------------------------------------@
@attend@=NO
@name@=Chris Wen
@reason@=I'm chairing for SMUNC that weekend. I'll try to see if my cochairs can take care of that morning though.
@--------------------------------------@
@attend@=YES
@name@=Ed Fei
@reason@=
@--------------------------------------@
@attend@=YES
@name@=Jason Sinocruz
@reason@=I don't know how busy I'm going to be, but I'm in for some L-O-V-E (ing)
@--------------------------------------@
@attend@=NO
@name@=Marc Rillera
@reason@=
@--------------------------------------@
@attend@=YES
@name@=Miko Tsukimoto
@reason@=Coincidentally, I'll be taking pictures for them too =)
@--------------------------------------@
@attend@=YES
@name@=Peter Bullen
@reason@=All right!!  First performance!!
@--------------------------------------@
