@attend@=NO
@name@=Chelsea Garnett
@reason@=
@--------------------------------------@
@attend@=YES
@name@=Chengos Lim
@reason@=I am THERE, baby!!
@--------------------------------------@
@attend@=NO
@name@=Jessica Bledin
@reason@=I guess not, since there is no one to dance with me!
@--------------------------------------@
@attend@=YES
@name@=Karen Warner
@reason@=muy excited.
@--------------------------------------@
@attend@=NR
@name@=Katy McCown
@reason@=
@--------------------------------------@
@attend@=YES
@name@=Lindsay Ashby
@reason@=Oh wow...onto another shin dig on our way to Hollywood--ha!
@--------------------------------------@
@attend@=YES
@name@=Lu-En Wai
@reason@=yay, a ball! ;)
@--------------------------------------@
@attend@=YES
@name@=Melissa Kunz
@reason@=Balls don't happen all that often.  We should all dress as Cinderella or something to mark the occasion.
@--------------------------------------@
@attend@=YES
@name@=Melody Alonzo
@reason@=Will we see boobies again?
@--------------------------------------@
@attend@=YES
@name@=Ben Newhouse
@reason@=
@--------------------------------------@
@attend@=YES
@name@=Carlos Fernandez
@reason@=Good to go.
@--------------------------------------@
@attend@=NO
@name@=Chris Wen
@reason@=already booked a flight home
@--------------------------------------@
@attend@=YES
@name@=Ed Fei
@reason@=
@--------------------------------------@
@attend@=NO
@name@=Jason Sinocruz
@reason@=I was sort of an "if I am needed" but I guess I am so what the hey.
@--------------------------------------@
@attend@=YES
@name@=Marc Rillera
@reason@=
@--------------------------------------@
@attend@=YES
@name@=Miko Tsukimoto
@reason@=yay
@--------------------------------------@
@attend@=YES
@name@=Peter Bullen
@reason@=Yay Performance!!
@--------------------------------------@
