@attend@=YES
@name@=Chelsea Garnett
@reason@=1 or 3 is best for me.
@--------------------------------------@
@attend@=YES
@name@=Chengos Lim
@reason@=1 pm = biggest audience!
otherwise, 3 pm

@--------------------------------------@
@attend@=YES
@name@=Jessica Bledin
@reason@=THe later the better!  5pm is best for me.
@--------------------------------------@
@attend@=YES
@name@=Karen Warner
@reason@=only at 3:00
@--------------------------------------@
@attend@=NR
@name@=Katy McCown
@reason@=
@--------------------------------------@
@attend@=YES
@name@=Lindsay Ashby
@reason@=Any time, yo! This'll be way stinkin fun!
@--------------------------------------@
@attend@=YES
@name@=Lu-En Wai
@reason@=Anytime is ok with me. I just have to know when we're performing so that I can skip out of lab.
@--------------------------------------@
@attend@=YES
@name@=Melissa Kunz
@reason@=I can make 1pm, 3pm, and 5pm.
@--------------------------------------@
@attend@=YES
@name@=Melody Alonzo
@reason@=5pm is best for me. I have section Friday that runs till 1:15 and then I normally have work till 5:15, but I can leave early if I know beforehand. 
@--------------------------------------@
@attend@=YES
@name@=Ben Newhouse
@reason@=I can do anything, I don't have class on fridays
@--------------------------------------@
@attend@=YES
@name@=Carlos Fernandez
@reason@=I can make any time; I have no Friday classes.
@--------------------------------------@
@attend@=YES
@name@=Chris Wen
@reason@=should be able to do any time slot
@--------------------------------------@
@attend@=YES
@name@=Ed Fei
@reason@=I can make all times
@--------------------------------------@
@attend@=YES
@name@=Jason Sinocruz
@reason@=I could only do 5pm (but won't be able to make call before then)...I assume this is on campus?
@--------------------------------------@
@attend@=NO
@name@=Marc Rillera
@reason@=taking the lsat on dec 2nd. sorry.
@--------------------------------------@
@attend@=YES
@name@=Miko Tsukimoto
@reason@=I will be able to make any time slot, as long as I know when it's gonna be in advance.
@--------------------------------------@
@attend@=YES
@name@=Peter Bullen
@reason@=I'd prefer 5, but I can do 3 - I'd just have to skip class.  I can't do 1.
@--------------------------------------@
