@attend@=YES
@name@=Tiffany Cartwright
@reason@=
@--------------------------------------@
@attend@=NR
@name@=Stephanie Chiang
@reason@=
@--------------------------------------@
@attend@=YES
@name@=Kari Doyle
@reason@=
@--------------------------------------@
@attend@=YES
@name@=Evelyn Huang
@reason@=
@--------------------------------------@
@attend@=NR
@name@=Meg Kale
@reason@=
@--------------------------------------@
@attend@=YES
@name@=Sabrina Lee
@reason@=
@--------------------------------------@
@attend@=YES
@name@=Sandra Liu
@reason@=
@--------------------------------------@
@attend@=YES
@name@=Tali Manber
@reason@=
@--------------------------------------@
@attend@=YES
@name@=Maria Reese
@reason@=
@--------------------------------------@
@attend@=NR
@name@=Audrey Tsang
@reason@=
@--------------------------------------@
@attend@=YES
@name@=Irene Yeh
@reason@=
@--------------------------------------@
@attend@=NR
@name@=Chris Cheng
@reason@=
@--------------------------------------@
@attend@=YES
@name@=Guillaume Chorn
@reason@=Diggity.
@--------------------------------------@
@attend@=NR
@name@=Danny Cox
@reason@=
@--------------------------------------@
@attend@=YES
@name@=Jon Gaw
@reason@=
@--------------------------------------@
@attend@=YES
@name@=Andy Huang
@reason@=i suppose if i must...
@--------------------------------------@
@attend@=NR
@name@=David Kale
@reason@=
@--------------------------------------@
@attend@=YES
@name@=Jeff Lee
@reason@=I love you all =)
@--------------------------------------@
@attend@=YES
@name@=Ben Ling
@reason@=
@--------------------------------------@
@attend@=YES
@name@=Eric Liu
@reason@=
@--------------------------------------@
@attend@=YES
@name@=Matt Person
@reason@=
@--------------------------------------@
@attend@=NR
@name@=Derrick Tong
@reason@=
@--------------------------------------@
