@attend@=YES
@name@=Chengos Lim
@reason@=YEAH!!!! YEAH YEAH YEAH YEAH YEAH YEAH YEAH!!!!! I LOVE STRAIGHT UP AND I LOVE JAMMIX!!!! WOOOOHOOOOOO!!!!!! New newbs, if you wanna work on the choreo more before Friday and after Monday rehearsal, lemme know please! I love this dance.  Holy moly.  And um...Marc, YOU can dance in the red bloomers.  See how that feels.
@--------------------------------------@
@attend@=YES
@name@=Desiree Fabunan
@reason@=
@--------------------------------------@
@attend@=NO
@name@=Jessica Bledin
@reason@=In Australia...sorry!
@--------------------------------------@
@attend@=YES
@name@=Katy McCown
@reason@=errr...long underwear?
@--------------------------------------@
@attend@=YES
@name@=Meg Kale
@reason@=because we need me to do a solo
@--------------------------------------@
@attend@=NO
@name@=Melissa Kunz
@reason@=whoops, forgot all about ski trip. we leave friday afternoon, i think. 
@--------------------------------------@
@attend@=NR
@name@=Melody Alonzo
@reason@=
@--------------------------------------@
@attend@=YES
@name@=Stephanie Chiang
@reason@=but I can't attend rehearsal on Monday because I'll be at an offsite for work  :(
@--------------------------------------@
@attend@=YES
@name@=Ben D'Angelo
@reason@=Get with it, get with it, jam!
@--------------------------------------@
@attend@=YES
@name@=Brian Eggleston
@reason@=
@--------------------------------------@
@attend@=YES
@name@=Chris Wen
@reason@=
@--------------------------------------@
@attend@=YES
@name@=Dave Kale
@reason@=I fell into a burning ring of fire.
@--------------------------------------@
@attend@=YES
@name@=Eric Lee
@reason@=hahaha Marc I hate you
@--------------------------------------@
@attend@=YES
@name@=Guillaume Chorn
@reason@=
@--------------------------------------@
@attend@=YES
@name@=Jason Sinocruz
@reason@=I'm assuming we'll be doing something I know...
@--------------------------------------@
@attend@=YES
@name@=Marc Rillera
@reason@=i say we dance with very minimal clothing. like, just our underwear. i'd be down for that, who's with me ehh???
@--------------------------------------@
