@attend@=YES
@name@=Chengos Lim
@reason@=WEDNESDAY, MAY 25, 4:40-5, OAK WEST TRESIDDER
@--------------------------------------@
@attend@=YES
@name@=Desiree Fabunan
@reason@=
@--------------------------------------@
@attend@=NO
@name@=Jessica Bledin
@reason@=If you *really* need me, I can leave work early.  Not my choice though.
@--------------------------------------@
@attend@=YES
@name@=Katy McCown
@reason@=Chengos' e-mail says this is on wednesday, not thursday--which day is it?
@--------------------------------------@
@attend@=YES
@name@=Meg Kale
@reason@=i have to leave section, but it might be okay
@--------------------------------------@
@attend@=YES
@name@=Melissa Kunz
@reason@=
@--------------------------------------@
@attend@=NO
@name@=Melody Alonzo
@reason@=I work during that time
@--------------------------------------@
@attend@=NO
@name@=Stephanie Chiang
@reason@=have to work

@--------------------------------------@
@attend@=NO
@name@=Ben D'Angelo
@reason@=Work work work!
@--------------------------------------@
@attend@=NO
@name@=Brian Eggleston
@reason@=
@--------------------------------------@
@attend@=YES
@name@=Chris Wen
@reason@=
@--------------------------------------@
@attend@=YES
@name@=Dave Kale
@reason@=yes
@--------------------------------------@
@attend@=YES
@name@=Eric Lee
@reason@=
@--------------------------------------@
@attend@=YES
@name@=Guillaume Chorn
@reason@=Donde esta Oak West
@--------------------------------------@
@attend@=YES
@name@=Jason Sinocruz
@reason@=What will we be dancing?
@--------------------------------------@
@attend@=NR
@name@=Marc Rillera
@reason@=
@--------------------------------------@
