@attend@=NO
@name@=Chengos Lim
@reason@=dorm's boat dance
@--------------------------------------@
@attend@=YES
@name@=Desiree Fabunan
@reason@=
@--------------------------------------@
@attend@=NO
@name@=Jessica Bledin
@reason@=Out of town all weekend
@--------------------------------------@
@attend@=YES
@name@=Katy McCown
@reason@=
@--------------------------------------@
@attend@=YES
@name@=Meg Kale
@reason@=interesting...
@--------------------------------------@
@attend@=YES
@name@=Melissa Kunz
@reason@=I should be done with judo stuff by evening
@--------------------------------------@
@attend@=NO
@name@=Melody Alonzo
@reason@=Boat dance
@--------------------------------------@
@attend@=YES
@name@=Stephanie Chiang
@reason@=
@--------------------------------------@
@attend@=YES
@name@=Ben D'Angelo
@reason@=Like, prom?
@--------------------------------------@
@attend@=NO
@name@=Brian Eggleston
@reason@=hosting and staff stuff
@--------------------------------------@
@attend@=YES
@name@=Chris Wen
@reason@=
@--------------------------------------@
@attend@=NR
@name@=Dave Kale
@reason@=
@--------------------------------------@
@attend@=NR
@name@=Eric Lee
@reason@=
@--------------------------------------@
@attend@=NR
@name@=Guillaume Chorn
@reason@=
@--------------------------------------@
@attend@=YES
@name@=Jason Sinocruz
@reason@=
@--------------------------------------@
@attend@=YES
@name@=Marc Rillera
@reason@=sure why not.
@--------------------------------------@
