@attend@=NR
@name@=Chengos Lim
@reason@=
@--------------------------------------@
@attend@=NO
@name@=Desiree Fabunan
@reason@=chem midterm
@--------------------------------------@
@attend@=NO
@name@=Jessica Bledin
@reason@=I'll be in Modesto for work training.
@--------------------------------------@
@attend@=NR
@name@=Katy McCown
@reason@=
@--------------------------------------@
@attend@=NR
@name@=Meg Kale
@reason@=
@--------------------------------------@
@attend@=NR
@name@=Melissa Kunz
@reason@=
@--------------------------------------@
@attend@=NR
@name@=Melody Alonzo
@reason@=
@--------------------------------------@
@attend@=NO
@name@=Stephanie Chiang
@reason@=maybe; I might be on an offsite 
@--------------------------------------@
@attend@=YES
@name@=Ben D'Angelo
@reason@=Ja, I can.
@--------------------------------------@
@attend@=NR
@name@=Brian Eggleston
@reason@=
@--------------------------------------@
@attend@=YES
@name@=Chris Wen
@reason@=
@--------------------------------------@
@attend@=YES
@name@=Dave Kale
@reason@=This will work for me but not my preference.
@--------------------------------------@
@attend@=NR
@name@=Eric Lee
@reason@=
@--------------------------------------@
@attend@=NR
@name@=Guillaume Chorn
@reason@=
@--------------------------------------@
@attend@=NO
@name@=Jason Sinocruz
@reason@=You know how every quarter you have a death day?  Unfortunately, this is mine...
@--------------------------------------@
@attend@=NR
@name@=Marc Rillera
@reason@=
@--------------------------------------@
