@attend@=YES
@name@=Chengos Lim
@reason@=
@--------------------------------------@
@attend@=NO
@name@=Desiree Fabunan
@reason@=
@--------------------------------------@
@attend@=YES
@name@=Jessica Bledin
@reason@=
@--------------------------------------@
@attend@=NO
@name@=Katy McCown
@reason@=I'm in monterey this weekend.  FYI-5pm run-through, 7pm show, Kresge
@--------------------------------------@
@attend@=YES
@name@=Meg Kale
@reason@=will do it if i have to
@--------------------------------------@
@attend@=NO
@name@=Melissa Kunz
@reason@=judo tourney
@--------------------------------------@
@attend@=YES
@name@=Melody Alonzo
@reason@=I hope its in the evening! 
@--------------------------------------@
@attend@=NO
@name@=Stephanie Chiang
@reason@=Busy from 2 p.m. to 3:30 p.m., but can do it otherwise.
@--------------------------------------@
@attend@=YES
@name@=Ben D'Angelo
@reason@=
@--------------------------------------@
@attend@=YES
@name@=Brian Eggleston
@reason@=very tentative
@--------------------------------------@
@attend@=YES
@name@=Chris Wen
@reason@=will be tired from big dance though
@--------------------------------------@
@attend@=NO
@name@=Dave Kale
@reason@=I think we SHOULD do the gig, but I'll only dance if I'm needed b/c this is when our Swing Cats retreat is.
@--------------------------------------@
@attend@=NO
@name@=Eric Lee
@reason@=Dorm trip that day.
@--------------------------------------@
@attend@=NO
@name@=Guillaume Chorn
@reason@=House retreat that weekend
@--------------------------------------@
@attend@=YES
@name@=Jason Sinocruz
@reason@=Time?
@--------------------------------------@
@attend@=YES
@name@=Marc Rillera
@reason@=don't complain chris wen. we did it last year too :)

same situation, their spring show was day after Big Dance 
@--------------------------------------@
