@attend@=YES
@name@=Chengos Lim
@reason@=it's not just my frosh; it's ALL of eastflo's frosh, plus the frosh they invite (this is registered as a level 3 party).  hooray for exposure to froshies :)
@--------------------------------------@
@attend@=NR
@name@=Desiree Fabunan
@reason@=
@--------------------------------------@
@attend@=YES
@name@=Jessica Bledin
@reason@=Should be able to do it all.
@--------------------------------------@
@attend@=YES
@name@=Katy McCown
@reason@=
@--------------------------------------@
@attend@=NR
@name@=Meg Kale
@reason@=
@--------------------------------------@
@attend@=YES
@name@=Melissa Kunz
@reason@=looks like these are the responses for the relay for life gig.  i can make the east flo gig. 
@--------------------------------------@
@attend@=NO
@name@=Melody Alonzo
@reason@=I may or may not be going home that weekend. Plus more than half our guys already said no, so we have an abundance of girls. 
@--------------------------------------@
@attend@=NO
@name@=Stephanie Chiang
@reason@=
@--------------------------------------@
@attend@=NO
@name@=Ben D'Angelo
@reason@=Out of town for a wedding.
@--------------------------------------@
@attend@=NO
@name@=Brian Eggleston
@reason@=mother flying into town to go to SF with me
@--------------------------------------@
@attend@=YES
@name@=Chris Wen
@reason@=
@--------------------------------------@
@attend@=YES
@name@=Dave Kale
@reason@=
@--------------------------------------@
@attend@=NO
@name@=Eric Lee
@reason@=Probably gone for Memorial Day weekend.
@--------------------------------------@
@attend@=NO
@name@=Guillaume Chorn
@reason@=Out of town all weekend
@--------------------------------------@
@attend@=YES
@name@=Jason Sinocruz
@reason@=I still like my idea of room-hopping at this party... LOVE for the swing room; Pump It for the hip hop room; a new salsa/swing piece for the salsa room?!
@--------------------------------------@
@attend@=NO
@name@=Marc Rillera
@reason@=going home for lil bro's graduation 
@--------------------------------------@
