@attend@=YES
@name@=Chengos Lim
@reason@=Made flight reservations, but changed them.  Swingtime is so worth it.  I hope ALL the Stanford teachers will be there...like ANGUS!
@--------------------------------------@
@attend@=YES
@name@=Desiree Fabunan
@reason@=Ooooh my goodness...this is going to be soooooo exciting and sooooooo much fun!!! I love weddings!!!  Yay!!!  So obvious answer...yes, I"m totally there. LoL.
@--------------------------------------@
@attend@=YES
@name@=Jessica Bledin
@reason@=Yay!  My first performance with Swingtime!
@--------------------------------------@
@attend@=NO
@name@=Katy McCown
@reason@=oh no! I'm going on a roadtrip and we're leaving Friday.
@--------------------------------------@
@attend@=YES
@name@=Meg Kale
@reason@=marc, you're getting married? can i be your mistress?
@--------------------------------------@
@attend@=YES
@name@=Melissa Kunz
@reason@=Melissa Kunz. K-U-N-Z. 
@--------------------------------------@
@attend@=YES
@name@=Melody Alonzo
@reason@=I almost bought tickets to fly home for the day before this, but then I realized and fixed it. Yay for wedding ball!
@--------------------------------------@
@attend@=YES
@name@=Stephanie Chiang
@reason@=
@--------------------------------------@
@attend@=YES
@name@=Ben D'Angelo
@reason@=Have you seen Wedding Crashers?  Ha!  Just kidding.
@--------------------------------------@
@attend@=YES
@name@=Brian Eggleston
@reason@=
@--------------------------------------@
@attend@=NO
@name@=Chris Wen
@reason@=going home
@--------------------------------------@
@attend@=YES
@name@=Dave Kale
@reason@=this is gonna be SO awesome!
@--------------------------------------@
@attend@=YES
@name@=Eric Lee
@reason@=
@--------------------------------------@
@attend@=YES
@name@=Guillaume Chorn
@reason@=Dancing at weddings with people cheering me on?  Same ol', same ol'...
@--------------------------------------@
@attend@=YES
@name@=Jason Sinocruz
@reason@=I'm glad I had not made any flight plans yet!!
@--------------------------------------@
@attend@=YES
@name@=Marc Rillera
@reason@=maybe i'll get married too. happy times.
@--------------------------------------@
