@attend@=NR
@name@=Chengos Lim
@reason@=
@--------------------------------------@
@attend@=NO
@name@=Desiree Fabunan
@reason@=
@--------------------------------------@
@attend@=YES
@name@=Jessica Bledin
@reason@=
@--------------------------------------@
@attend@=NR
@name@=Katy McCown
@reason@=
@--------------------------------------@
@attend@=NR
@name@=Meg Kale
@reason@=
@--------------------------------------@
@attend@=NR
@name@=Melissa Kunz
@reason@=
@--------------------------------------@
@attend@=NR
@name@=Melody Alonzo
@reason@=
@--------------------------------------@
@attend@=YES
@name@=Stephanie Chiang
@reason@=possible, but it's so far away!  Work stuff, man -- can't plan that far ahead.  :(
@--------------------------------------@
@attend@=YES
@name@=Ben D'Angelo
@reason@=Ja, I can.
@--------------------------------------@
@attend@=NR
@name@=Brian Eggleston
@reason@=
@--------------------------------------@
@attend@=YES
@name@=Chris Wen
@reason@=
@--------------------------------------@
@attend@=YES
@name@=Dave Kale
@reason@=This will work, but I have a lot of work to do in the middle of dead week so...prefer not...
@--------------------------------------@
@attend@=NR
@name@=Eric Lee
@reason@=
@--------------------------------------@
@attend@=NR
@name@=Guillaume Chorn
@reason@=
@--------------------------------------@
@attend@=YES
@name@=Jason Sinocruz
@reason@=
@--------------------------------------@
@attend@=NR
@name@=Marc Rillera
@reason@=
@--------------------------------------@
