@attend@=YES
@name@=Chengos Lim
@reason@=junior formal is the best!
@--------------------------------------@
@attend@=YES
@name@=Desiree Fabunan
@reason@=
@--------------------------------------@
@attend@=YES
@name@=Jessica Bledin
@reason@=
@--------------------------------------@
@attend@=YES
@name@=Katy McCown
@reason@=
@--------------------------------------@
@attend@=YES
@name@=Meg Kale
@reason@=hey, i met a hot bartender there last year. maybe he'll be there again. giggity giggity giggity.
@--------------------------------------@
@attend@=YES
@name@=Melissa Kunz
@reason@=i like to pretend i skipped a grade
@--------------------------------------@
@attend@=YES
@name@=Melody Alonzo
@reason@=Sure why not... but it's my own formal. Hey, this is my first formal at Stanford. Cool. 
@--------------------------------------@
@attend@=YES
@name@=Stephanie Chiang
@reason@= 
@--------------------------------------@
@attend@=YES
@name@=Ben D'Angelo
@reason@=I'm a junior!
@--------------------------------------@
@attend@=YES
@name@=Brian Eggleston
@reason@=
@--------------------------------------@
@attend@=YES
@name@=Chris Wen
@reason@=
@--------------------------------------@
@attend@=YES
@name@=Dave Kale
@reason@=Chengos is NOT underaged.
@--------------------------------------@
@attend@=NO
@name@=Eric Lee
@reason@=Probably not
@--------------------------------------@
@attend@=NO
@name@=Guillaume Chorn
@reason@=out of town
@--------------------------------------@
@attend@=YES
@name@=Jason Sinocruz
@reason@=Senior semi-formal the same night....
@--------------------------------------@
@attend@=YES
@name@=Marc Rillera
@reason@=i'll be there anyway, getting down and dirty... go ahead girl, go ahead, get down.. 
@--------------------------------------@
