@attend@=NR
@name@=Chengos Lim
@reason@=
@--------------------------------------@
@attend@=YES
@name@=Desiree Fabunan
@reason@=preferred date
@--------------------------------------@
@attend@=YES
@name@=Jessica Bledin
@reason@=
@--------------------------------------@
@attend@=NR
@name@=Katy McCown
@reason@=
@--------------------------------------@
@attend@=NR
@name@=Meg Kale
@reason@=
@--------------------------------------@
@attend@=NR
@name@=Melissa Kunz
@reason@=
@--------------------------------------@
@attend@=NR
@name@=Melody Alonzo
@reason@=
@--------------------------------------@
@attend@=YES
@name@=Stephanie Chiang
@reason@=nothing on my calendar as of yet
@--------------------------------------@
@attend@=YES
@name@=Ben D'Angelo
@reason@=Ja, I can.
@--------------------------------------@
@attend@=NR
@name@=Brian Eggleston
@reason@=
@--------------------------------------@
@attend@=NO
@name@=Chris Wen
@reason@=rather not, have a report due the next day
@--------------------------------------@
@attend@=YES
@name@=Dave Kale
@reason@=This will work for me, and it's my fave of the three possibilities.
@--------------------------------------@
@attend@=NR
@name@=Eric Lee
@reason@=
@--------------------------------------@
@attend@=NR
@name@=Guillaume Chorn
@reason@=
@--------------------------------------@
@attend@=YES
@name@=Jason Sinocruz
@reason@=What time would this be?  I have Opening from 750-9...
@--------------------------------------@
@attend@=NR
@name@=Marc Rillera
@reason@=
@--------------------------------------@
