@attend@=NO
@name@=Chengos Lim
@reason@=meeting I can't re-schedule or be absent from :(
@--------------------------------------@
@attend@=YES
@name@=Desiree Fabunan
@reason@=Might have an afternoon review session...don't know.  Otherwise it's cool.
@--------------------------------------@
@attend@=YES
@name@=Jessica Bledin
@reason@=Bring on the Jews :)
@--------------------------------------@
@attend@=YES
@name@=Katy McCown
@reason@=
@--------------------------------------@
@attend@=YES
@name@=Meg Kale
@reason@=
@--------------------------------------@
@attend@=YES
@name@=Melissa Kunz
@reason@=for now- might be hosting a judo tournament that day
@--------------------------------------@
@attend@=NO
@name@=Melody Alonzo
@reason@=I have a study group at that time and we can't move  it. 
@--------------------------------------@
@attend@=NO
@name@=Stephanie Chiang
@reason@=I tutor on Sunday afternoons!
@--------------------------------------@
@attend@=YES
@name@=Ben D'Angelo
@reason@=Yo puedo.
@--------------------------------------@
@attend@=NO
@name@=Brian Eggleston
@reason@=Not sure about my schedule yet, but hopefully...
@--------------------------------------@
@attend@=YES
@name@=Chris Wen
@reason@=
@--------------------------------------@
@attend@=YES
@name@=Dave Kale
@reason@=Yay!
@--------------------------------------@
@attend@=NO
@name@=Eric Lee
@reason@=Maybe, but my dorm staff meeting might get moved to 3 pm on sundays.  I'll know for sure in a week.
@--------------------------------------@
@attend@=YES
@name@=Guillaume Chorn
@reason@=Long as we're in-and-out, I can probably do it.
@--------------------------------------@
@attend@=NO
@name@=Jason Sinocruz
@reason@=Choir on Sundays, no can do :(
@--------------------------------------@
@attend@=YES
@name@=Marc Rillera
@reason@=Not too sure about my schedule during dead week yet, but we'll see.
@--------------------------------------@
