@attend@=YES
@name@=Chengos Lim
@reason@=sophomores are hot
@--------------------------------------@
@attend@=NO
@name@=Desiree Fabunan
@reason@=
@--------------------------------------@
@attend@=YES
@name@=Jessica Bledin
@reason@=It depends how late it is...if later then 10pm I have to say no.
@--------------------------------------@
@attend@=YES
@name@=Katy McCown
@reason@=
@--------------------------------------@
@attend@=YES
@name@=Meg Kale
@reason@=after swing cats
@--------------------------------------@
@attend@=YES
@name@=Melissa Kunz
@reason@=if finished before 7pm
@--------------------------------------@
@attend@=YES
@name@=Melody Alonzo
@reason@=
@--------------------------------------@
@attend@=NO
@name@=Stephanie Chiang
@reason@=
@--------------------------------------@
@attend@=YES
@name@=Ben D'Angelo
@reason@=
@--------------------------------------@
@attend@=NO
@name@=Brian Eggleston
@reason@=
@--------------------------------------@
@attend@=YES
@name@=Chris Wen
@reason@=
@--------------------------------------@
@attend@=YES
@name@=Dave Kale
@reason@=Meg and I have Swingcats rehearsal until 10pm so it needs to be like 10:30ish...
@--------------------------------------@
@attend@=YES
@name@=Eric Lee
@reason@=Has to be after 9:30 or before 7.
@--------------------------------------@
@attend@=YES
@name@=Guillaume Chorn
@reason@=
@--------------------------------------@
@attend@=YES
@name@=Jason Sinocruz
@reason@=
@--------------------------------------@
@attend@=YES
@name@=Marc Rillera
@reason@=
@--------------------------------------@
