@attend@=YES
@name@=Chengos Lim
@reason@=Boat dance is the 13th, not the 12th!! We can do it, Mel! :D
@--------------------------------------@
@attend@=YES
@name@=Desiree Fabunan
@reason@=
@--------------------------------------@
@attend@=NO
@name@=Jessica Bledin
@reason@=Crap, I just realized that I will be out of town that weekend.  Sorry sorry sorry sorry!!!
@--------------------------------------@
@attend@=YES
@name@=Katy McCown
@reason@=hey! what's wrong with being a humbio major! :-)
@--------------------------------------@
@attend@=YES
@name@=Meg Kale
@reason@=um, what if i have to have a root canal that day?
@--------------------------------------@
@attend@=YES
@name@=Melissa Kunz
@reason@=
@--------------------------------------@
@attend@=NO
@name@=Melody Alonzo
@reason@=I keep going back and forth on this, but this is my final answer I promise! I can't b/c I have to pick up Jere at the airport at 8:45
@--------------------------------------@
@attend@=YES
@name@=Stephanie Chiang
@reason@=OMG... this is so far away. 
@--------------------------------------@
@attend@=YES
@name@=Ben D'Angelo
@reason@=Io son la primavera.
@--------------------------------------@
@attend@=NO
@name@=Brian Eggleston
@reason@=hosting out-of-towners
@--------------------------------------@
@attend@=YES
@name@=Chris Wen
@reason@=
@--------------------------------------@
@attend@=YES
@name@=Dave Kale
@reason@=Chengos is NOT a humbio major. She swears.
@--------------------------------------@
@attend@=YES
@name@=Eric Lee
@reason@=
@--------------------------------------@
@attend@=YES
@name@=Guillaume Chorn
@reason@=only if we get to hit each other with the sticks afterwards
@--------------------------------------@
@attend@=YES
@name@=Jason Sinocruz
@reason@=
@--------------------------------------@
@attend@=YES
@name@=Marc Rillera
@reason@=probably be doing like 7 or 8 numbers that night. another one won't hurt i guess... which reminds me... when will our spring show be? sheesh. lets get that planned ya'll.
@--------------------------------------@
