@attend@=NR
@name@=Chengos Lim
@reason@=
@--------------------------------------@
@attend@=NR
@name@=Desiree Fabunan
@reason@=
@--------------------------------------@
@attend@=YES
@name@=Jessica Bledin
@reason@=
@--------------------------------------@
@attend@=NR
@name@=Katy McCown
@reason@=
@--------------------------------------@
@attend@=NR
@name@=Meg Kale
@reason@=
@--------------------------------------@
@attend@=NR
@name@=Melissa Kunz
@reason@=
@--------------------------------------@
@attend@=NR
@name@=Melody Alonzo
@reason@=
@--------------------------------------@
@attend@=YES
@name@=Stephanie Chiang
@reason@=
@--------------------------------------@
@attend@=YES
@name@=Ben D'Angelo
@reason@=I want to get it.
@--------------------------------------@
@attend@=NR
@name@=Brian Eggleston
@reason@=
@--------------------------------------@
@attend@=YES
@name@=Chris Wen
@reason@=
@--------------------------------------@
@attend@=YES
@name@=Dave Kale
@reason@=Fire it out.
@--------------------------------------@
@attend@=YES
@name@=Eric Lee
@reason@=
@--------------------------------------@
@attend@=YES
@name@=Guillaume Chorn
@reason@=Does this mean we have to learn to snap our fingers in time?
@--------------------------------------@
@attend@=YES
@name@=Jason Sinocruz
@reason@=
@--------------------------------------@
@attend@=NR
@name@=Marc Rillera
@reason@=
@--------------------------------------@
