@attend@=YES
@name@=Chengos Lim
@reason@=If Ben is the spring, then I am the show
@--------------------------------------@
@attend@=YES
@name@=Desiree Fabunan
@reason@=
@--------------------------------------@
@attend@=YES
@name@=Jessica Bledin
@reason@=Yippers
@--------------------------------------@
@attend@=YES
@name@=Katy McCown
@reason@=
@--------------------------------------@
@attend@=NR
@name@=Meg Kale
@reason@=
@--------------------------------------@
@attend@=YES
@name@=Melissa Kunz
@reason@=
@--------------------------------------@
@attend@=YES
@name@=Melody Alonzo
@reason@=duh
@--------------------------------------@
@attend@=YES
@name@=Stephanie Chiang
@reason@=
@--------------------------------------@
@attend@=YES
@name@=Ben D'Angelo
@reason@=Woo!
@--------------------------------------@
@attend@=NR
@name@=Brian Eggleston
@reason@=
@--------------------------------------@
@attend@=YES
@name@=Chris Wen
@reason@=
@--------------------------------------@
@attend@=YES
@name@=Dave Kale
@reason@=who wouldn't be?
@--------------------------------------@
@attend@=YES
@name@=Eric Lee
@reason@=
@--------------------------------------@
@attend@=YES
@name@=Guillaume Chorn
@reason@=Now that it's June 3rd, I can definitely be there!
@--------------------------------------@
@attend@=YES
@name@=Jason Sinocruz
@reason@=Now it's 4 days after the big 2-2
@--------------------------------------@
@attend@=YES
@name@=Marc Rillera
@reason@=i almost put no. i wanted to ditch you guys. just kidding.
@--------------------------------------@
