@attend@=YES
@name@=Chengos Lim
@reason@=TRY AND STOP ME!!!
Actually, don't.  I will be there!!! :)
@--------------------------------------@
@attend@=YES
@name@=Desiree Fabunan
@reason@=Yupperoo! Can't wait!
@--------------------------------------@
@attend@=YES
@name@=Jessica Bledin
@reason@=:)
@--------------------------------------@
@attend@=YES
@name@=Katy McCown
@reason@=
@--------------------------------------@
@attend@=YES
@name@=Meg Kale
@reason@=
@--------------------------------------@
@attend@=YES
@name@=Melissa Kunz
@reason@=Dave, it's not funny. Desiree and I are roommates, not twins. 
@--------------------------------------@
@attend@=YES
@name@=Melody Alonzo
@reason@=of course I'm gonna be there. It's our first big performance of the year!
@--------------------------------------@
@attend@=YES
@name@=Stephanie Chiang
@reason@=
@--------------------------------------@
@attend@=YES
@name@=Ben D'Angelo
@reason@=Solely because 11.11.05 is a cool date.  That's the only reason.
@--------------------------------------@
@attend@=YES
@name@=Brian Eggleston
@reason@=
@--------------------------------------@
@attend@=YES
@name@=Chris Wen
@reason@=I'm talking with my co-chair about getting out the model UN conference early to attend
@--------------------------------------@
@attend@=YES
@name@=Dave Kale
@reason@=well duh
@--------------------------------------@
@attend@=YES
@name@=Eric Lee
@reason@=
@--------------------------------------@
@attend@=YES
@name@=Guillaume Chorn
@reason@=Fo sho.
@--------------------------------------@
@attend@=YES
@name@=Jason Sinocruz
@reason@=I'm ready to give away my newbie virginity O-:-)
@--------------------------------------@
@attend@=YES
@name@=Marc Rillera
@reason@=oh hellz yeah. i'm down with the Swingtizzle debut-izzle.
@--------------------------------------@
