@attend@=YES
@name@=Chengos Lim
@reason@=
@--------------------------------------@
@attend@=NR
@name@=Desiree Fabunan
@reason@=
@--------------------------------------@
@attend@=YES
@name@=Jessica Bledin
@reason@=
@--------------------------------------@
@attend@=NO
@name@=Katy McCown
@reason@=I'll be in monterey that weekend
@--------------------------------------@
@attend@=NR
@name@=Meg Kale
@reason@=
@--------------------------------------@
@attend@=NO
@name@=Melissa Kunz
@reason@=team tourney for judo
@--------------------------------------@
@attend@=NO
@name@=Melody Alonzo
@reason@=I will probably still be sleeping after big dance and Gang stuff
@--------------------------------------@
@attend@=YES
@name@=Stephanie Chiang
@reason@=
@--------------------------------------@
@attend@=YES
@name@=Ben D'Angelo
@reason@=It's a mother and child reu-u-nion...
@--------------------------------------@
@attend@=NO
@name@=Brian Eggleston
@reason@=I'm staying until 6am for  Big Dance.
@--------------------------------------@
@attend@=YES
@name@=Chris Wen
@reason@=if needed, i'd rather sleep after big dance or do the los salseros performance
@--------------------------------------@
@attend@=YES
@name@=Dave Kale
@reason@=ya
@--------------------------------------@
@attend@=NO
@name@=Eric Lee
@reason@=Dorm trip that day
@--------------------------------------@
@attend@=NO
@name@=Guillaume Chorn
@reason@=House retreat
@--------------------------------------@
@attend@=YES
@name@=Jason Sinocruz
@reason@=Why not?
@--------------------------------------@
@attend@=NR
@name@=Marc Rillera
@reason@=
@--------------------------------------@
