@attend@=YES
@name@=Chengos Lim
@reason@=Heck yea, yo
@--------------------------------------@
@attend@=YES
@name@=Desiree Fabunan
@reason@=Of course! This will be awesome!
@--------------------------------------@
@attend@=YES
@name@=Jessica Bledin
@reason@=
@--------------------------------------@
@attend@=YES
@name@=Katy McCown
@reason@=yay dance marathon!
@--------------------------------------@
@attend@=YES
@name@=Meg Kale
@reason@=i think so. i really do. but thinking is dangerous for me...
@--------------------------------------@
@attend@=YES
@name@=Melissa Kunz
@reason@=:)
@--------------------------------------@
@attend@=NO
@name@=Melody Alonzo
@reason@=This is when I'm going back home for the weekend. Sorry guys!
@--------------------------------------@
@attend@=YES
@name@=Stephanie Chiang
@reason@=only if we don't get a really late time slot -- I tutor four kids on Sundays, and I need to have all of my energy for them!
@--------------------------------------@
@attend@=YES
@name@=Ben D'Angelo
@reason@=Uhhh, I guess.
@--------------------------------------@
@attend@=YES
@name@=Brian Eggleston
@reason@=
@--------------------------------------@
@attend@=YES
@name@=Chris Wen
@reason@=
@--------------------------------------@
@attend@=YES
@name@=Dave Kale
@reason@=Take a chance you stupid ho.
@--------------------------------------@
@attend@=YES
@name@=Eric Lee
@reason@=Yes I will be at DM the whole time anyway
@--------------------------------------@
@attend@=YES
@name@=Guillaume Chorn
@reason@=for zee children
@--------------------------------------@
@attend@=YES
@name@=Jason Sinocruz
@reason@=This is going to be one of those hellish (but fun) weeks...count me in!
@--------------------------------------@
@attend@=YES
@name@=Marc Rillera
@reason@=i feel like the more yes boxes i check, the less time i get to spend doing my hair.
@--------------------------------------@
