@attend@=YES
@name@=Chengos Lim
@reason@=who needs class? we ARE class(y).
@--------------------------------------@
@attend@=NO
@name@=Desiree Fabunan
@reason@=Section starts this week 3:15-4:05
@--------------------------------------@
@attend@=NO
@name@=Jessica Bledin
@reason@=I will also be at work, but if you really need me...
@--------------------------------------@
@attend@=YES
@name@=Katy McCown
@reason@=Unless i have class
@--------------------------------------@
@attend@=YES
@name@=Meg Kale
@reason@=
@--------------------------------------@
@attend@=YES
@name@=Melissa Kunz
@reason@=
@--------------------------------------@
@attend@=YES
@name@=Melody Alonzo
@reason@=
@--------------------------------------@
@attend@=NO
@name@=Stephanie Chiang
@reason@=have to work!
@--------------------------------------@
@attend@=NO
@name@=Ben D'Angelo
@reason@=I'll be at work.  If you reeeeally needed me, I could be there though.
@--------------------------------------@
@attend@=NO
@name@=Brian Eggleston
@reason@=I have French class during this time
@--------------------------------------@
@attend@=YES
@name@=Chris Wen
@reason@=unless i have class
@--------------------------------------@
@attend@=YES
@name@=Dave Kale
@reason@=Weeee...this is always a fun gig!
@--------------------------------------@
@attend@=YES
@name@=Eric Lee
@reason@=Will definitely be free
@--------------------------------------@
@attend@=NO
@name@=Guillaume Chorn
@reason@=Sorry; directly conflicts with class
@--------------------------------------@
@attend@=YES
@name@=Jason Sinocruz
@reason@=Should work!
@--------------------------------------@
@attend@=YES
@name@=Marc Rillera
@reason@=i am not very artsy, but i can dance in my underwear :)
@--------------------------------------@
