@attend@=YES
@name@=Chengos Lim
@reason@=All night long!!!!!!
@--------------------------------------@
@attend@=YES
@name@=Desiree Fabunan
@reason@=oh my goodness of course!
@--------------------------------------@
@attend@=YES
@name@=Jessica Bledin
@reason@=
@--------------------------------------@
@attend@=YES
@name@=Katy McCown
@reason@=
@--------------------------------------@
@attend@=YES
@name@=Meg Kale
@reason@=sure.
@--------------------------------------@
@attend@=YES
@name@=Melissa Kunz
@reason@=whoo! hours and hours and hours of dancing!
@--------------------------------------@
@attend@=YES
@name@=Melody Alonzo
@reason@=
@--------------------------------------@
@attend@=YES
@name@=Stephanie Chiang
@reason@=
@--------------------------------------@
@attend@=YES
@name@=Ben D'Angelo
@reason@=
@--------------------------------------@
@attend@=YES
@name@=Brian Eggleston
@reason@=Won't be there until ~12:15am
@--------------------------------------@
@attend@=YES
@name@=Chris Wen
@reason@=
@--------------------------------------@
@attend@=YES
@name@=Dave Kale
@reason@=I have never stayed all night. Keep the streak alive!
@--------------------------------------@
@attend@=YES
@name@=Eric Lee
@reason@=
@--------------------------------------@
@attend@=YES
@name@=Guillaume Chorn
@reason@=
@--------------------------------------@
@attend@=YES
@name@=Jason Sinocruz
@reason@=Cinco de Mayo baby!
@--------------------------------------@
@attend@=YES
@name@=Marc Rillera
@reason@=third year baby!
@--------------------------------------@
