@attend@=NO
@name@=Chengos Lim
@reason@=Mandatory meeting at 6, so I can (and want to) do it if it's between 5-6.
@--------------------------------------@
@attend@=YES
@name@=Desiree Fabunan
@reason@=Currently no serious conflicts
@--------------------------------------@
@attend@=NO
@name@=Jessica Bledin
@reason@=This is gross - but I have a meeeting at work from 4-5 that day.
@--------------------------------------@
@attend@=YES
@name@=Katy McCown
@reason@=I'll be there anyways...
@--------------------------------------@
@attend@=NR
@name@=Meg Kale
@reason@=
@--------------------------------------@
@attend@=YES
@name@=Melissa Kunz
@reason@=
@--------------------------------------@
@attend@=YES
@name@=Melody Alonzo
@reason@=but I'd prefer not
@--------------------------------------@
@attend@=NO
@name@=Stephanie Chiang
@reason@=probably will still be in the office
@--------------------------------------@
@attend@=YES
@name@=Ben D'Angelo
@reason@=I'd rather not do this cause I'll have to leave work early, but I could if we're desperate for guys.
@--------------------------------------@
@attend@=NR
@name@=Brian Eggleston
@reason@=
@--------------------------------------@
@attend@=YES
@name@=Chris Wen
@reason@=
@--------------------------------------@
@attend@=YES
@name@=Dave Kale
@reason@=Java(TM) 2 Runtime Environment, Standard Edition (build 1.5.0_06-b05)
@--------------------------------------@
@attend@=YES
@name@=Eric Lee
@reason@=
@--------------------------------------@
@attend@=NO
@name@=Guillaume Chorn
@reason@=No can do--I'm out of town all weekend.
@--------------------------------------@
@attend@=NO
@name@=Jason Sinocruz
@reason@=Probably busy with Admit Weekend stuff

@--------------------------------------@
@attend@=NO
@name@=Marc Rillera
@reason@=Admit Weekend stuff.
@--------------------------------------@
