@attend@=YES
@name@=Chengos Lim
@reason@=YEE-HA!
@--------------------------------------@
@attend@=NO
@name@=Desiree Fabunan
@reason@=ski trip that weekend
@--------------------------------------@
@attend@=NO
@name@=Jessica Bledin
@reason@=I'm on a reality show that's taping Australia that week.  So...I won't be in town.
@--------------------------------------@
@attend@=YES
@name@=Katy McCown
@reason@=
@--------------------------------------@
@attend@=NO
@name@=Meg Kale
@reason@=i'm pretty sure i'm committed to go-go that day.
@--------------------------------------@
@attend@=NO
@name@=Melissa Kunz
@reason@=i'd love to, but ski trip calls
@--------------------------------------@
@attend@=YES
@name@=Melody Alonzo
@reason@=Sorry for the late response!
@--------------------------------------@
@attend@=NO
@name@=Stephanie Chiang
@reason@=gogo dancing calls....
@--------------------------------------@
@attend@=YES
@name@=Ben D'Angelo
@reason@=Yes
@--------------------------------------@
@attend@=YES
@name@=Brian Eggleston
@reason@=Let's all put on a folk hat and learn something about a foreign culture.
@--------------------------------------@
@attend@=YES
@name@=Chris Wen
@reason@=
@--------------------------------------@
@attend@=YES
@name@=Dave Kale
@reason@=I will do it unless I follow Jess Bledin to Australia to try to get on her reality show. Now THAT would be REAL-ity.
@--------------------------------------@
@attend@=NO
@name@=Eric Lee
@reason@=
@--------------------------------------@
@attend@=NO
@name@=Guillaume Chorn
@reason@=
@--------------------------------------@
@attend@=YES
@name@=Jason Sinocruz
@reason@=Sounds like fun...I'm in!!!
@--------------------------------------@
@attend@=YES
@name@=Marc Rillera
@reason@=we gonna get naked?
@--------------------------------------@
