@attend@=YES
@name@=Chengos Lim
@reason@=WHOA My birthday is Oct. 21 WHOA! And my dad's is on April 14th, but Libras are cooler.  My first time at Steppin' Out ALL YEAR WOO!
@--------------------------------------@
@attend@=YES
@name@=Desiree Fabunan
@reason@=
@--------------------------------------@
@attend@=YES
@name@=Jessica Bledin
@reason@=April 6th is my boyfriend's birthday.  Whoa!
@--------------------------------------@
@attend@=YES
@name@=Katy McCown
@reason@=April 5 is my roommate's birthday! (and my dad's!) whoa!
@--------------------------------------@
@attend@=YES
@name@=Meg Kale
@reason@=This gig is MANDATORY. Email Dave and me if you have a conflict.
@--------------------------------------@
@attend@=YES
@name@=Melissa Kunz
@reason@=
@--------------------------------------@
@attend@=YES
@name@=Melody Alonzo
@reason@=
@--------------------------------------@
@attend@=YES
@name@=Stephanie Chiang
@reason@=We can assure that the performance will be after 9:30pm so you can make it now. :)
@--------------------------------------@
@attend@=YES
@name@=Ben D'Angelo
@reason@=August 14th is my sister's birthday!  Double whoa!
@--------------------------------------@
@attend@=YES
@name@=Brian Eggleston
@reason@=
@--------------------------------------@
@attend@=YES
@name@=Chris Wen
@reason@=
@--------------------------------------@
@attend@=YES
@name@=Dave Kale
@reason@=This gig is MANDATORY. Email Meg and me if you have a conflict.
@--------------------------------------@
@attend@=YES
@name@=Eric Lee
@reason@=
@--------------------------------------@
@attend@=YES
@name@=Guillaume Chorn
@reason@=I love Katy's dad.  Whoa!
@--------------------------------------@
@attend@=YES
@name@=Jason Sinocruz
@reason@=I love bithdays :-)
@--------------------------------------@
@attend@=YES
@name@=Marc Rillera
@reason@=my lil bro's bday is on the 14th, valentine's day is on the 14th, and i am gonna go take a nap now.
@--------------------------------------@
