@attend@=YES
@name@=Chengos Lim
@reason@=ProFros are hot, too.
@--------------------------------------@
@attend@=YES
@name@=Desiree Fabunan
@reason@=
@--------------------------------------@
@attend@=NO
@name@=Jessica Bledin
@reason@=I'll be taking the FE exam that day...boo to 8 hour tests that are only offered 2 times a year.
@--------------------------------------@
@attend@=YES
@name@=Katy McCown
@reason@=
@--------------------------------------@
@attend@=NR
@name@=Meg Kale
@reason@=
@--------------------------------------@
@attend@=YES
@name@=Melissa Kunz
@reason@=
@--------------------------------------@
@attend@=YES
@name@=Melody Alonzo
@reason@=of course!
@--------------------------------------@
@attend@=YES
@name@=Stephanie Chiang
@reason@=I guess my response is moot, since this gig is mandatory!  :)
@--------------------------------------@
@attend@=YES
@name@=Ben D'Angelo
@reason@=
@--------------------------------------@
@attend@=NR
@name@=Brian Eggleston
@reason@=
@--------------------------------------@
@attend@=YES
@name@=Chris Wen
@reason@=
@--------------------------------------@
@attend@=YES
@name@=Dave Kale
@reason@=Don't forget this gig is mandatory. ;)
@--------------------------------------@
@attend@=YES
@name@=Eric Lee
@reason@=
@--------------------------------------@
@attend@=NO
@name@=Guillaume Chorn
@reason@=Sorry, again, out of town all weekend
@--------------------------------------@
@attend@=YES
@name@=Jason Sinocruz
@reason@=I WILL be dead tired, so we'll see..
@--------------------------------------@
@attend@=YES
@name@=Marc Rillera
@reason@=dead tired with jason, but i did it last year. you should see the video if there is one. i was a zombie on stage, pretty funny i think.
@--------------------------------------@
