@attend@=YES
@name@=Chengos Lim
@reason@=But can we get a time ASAP, please? 
@--------------------------------------@
@attend@=YES
@name@=Desiree Fabunan
@reason@=
@--------------------------------------@
@attend@=NO
@name@=Jessica Bledin
@reason@=depends on time as well
@--------------------------------------@
@attend@=YES
@name@=Katy McCown
@reason@=I can't be there until 8--what time are we performing???
@--------------------------------------@
@attend@=YES
@name@=Meg Kale
@reason@=pretty sure i have rehearsal that night
@--------------------------------------@
@attend@=YES
@name@=Melissa Kunz
@reason@=
@--------------------------------------@
@attend@=YES
@name@=Melody Alonzo
@reason@=I just realized that my boss put me on a shift from 6:15-8:30, so I can't perform till after that.
@--------------------------------------@
@attend@=NO
@name@=Stephanie Chiang
@reason@=probably not -- depends on the time.
@--------------------------------------@
@attend@=YES
@name@=Ben D'Angelo
@reason@=
@--------------------------------------@
@attend@=NR
@name@=Brian Eggleston
@reason@=
@--------------------------------------@
@attend@=YES
@name@=Chris Wen
@reason@=
@--------------------------------------@
@attend@=YES
@name@=Dave Kale
@reason@=Every chance we have to get in front of the profros!
@--------------------------------------@
@attend@=NO
@name@=Eric Lee
@reason@=I've got lab from 7:15-9:05.
@--------------------------------------@
@attend@=YES
@name@=Guillaume Chorn
@reason@=Yeah I can do it
@--------------------------------------@
@attend@=YES
@name@=Jason Sinocruz
@reason@=I can actually probably get away from Admit Weekend for a little bit if I'm needed...
@--------------------------------------@
@attend@=NO
@name@=Marc Rillera
@reason@=ditto jason and i will be dying with admit weekend stuff
@--------------------------------------@
