@attend@=NR
@name@=Audrey Tsang
@reason@=
@--------------------------------------@
@attend@=NR
@name@=Chengos Lim
@reason@=
@--------------------------------------@
@attend@=NR
@name@=Desiree Fabunan
@reason@=
@--------------------------------------@
@attend@=NR
@name@=Jessica Bledin
@reason@=
@--------------------------------------@
@attend@=NR
@name@=Kari Doyle
@reason@=
@--------------------------------------@
@attend@=NR
@name@=Katy McCown
@reason@=
@--------------------------------------@
@attend@=NR
@name@=Meg Kale
@reason@=
@--------------------------------------@
@attend@=NR
@name@=Melody Alonzo
@reason@=
@--------------------------------------@
@attend@=NR
@name@=Stephanie Chiang
@reason@=
@--------------------------------------@
@attend@=NR
@name@=Tali Manber
@reason@=
@--------------------------------------@
@attend@=NR
@name@=Tiffany Cartwright
@reason@=
@--------------------------------------@
@attend@=NR
@name@=Ben D'Angelo
@reason@=
@--------------------------------------@
@attend@=NR
@name@=Chad Jennings
@reason@=
@--------------------------------------@
@attend@=NR
@name@=Chris Wen
@reason@=
@--------------------------------------@
@attend@=NR
@name@=Darick Tong
@reason@=
@--------------------------------------@
@attend@=NR
@name@=Dave Kale
@reason@=
@--------------------------------------@
@attend@=NR
@name@=Guillaume Chorn
@reason@=
@--------------------------------------@
@attend@=NR
@name@=Jon Gaw
@reason@=
@--------------------------------------@
@attend@=NR
@name@=Josh Pong
@reason@=
@--------------------------------------@
@attend@=NR
@name@=Marc Rillera
@reason@=
@--------------------------------------@