@attend@=YES
@name@=Chengos Lim
@reason@=show starts at 8:30, and we are tenth out of 15 groups.  if meg doesn't mind me arriving after my class ends at 9, i can do it! :)
@--------------------------------------@
@attend@=YES
@name@=Desiree Fabunan
@reason@=
@--------------------------------------@
@attend@=NO
@name@=Jessica Bledin
@reason@= I may be able to make it, depending on time. I'm going to be up in Oregon that day, and I'm not sure if my flight will get in on time. 
@--------------------------------------@
@attend@=YES
@name@=Katy McCown
@reason@=
@--------------------------------------@
@attend@=YES
@name@=Meg Kale
@reason@=sure
@--------------------------------------@
@attend@=YES
@name@=Melissa Kunz
@reason@=
@--------------------------------------@
@attend@=YES
@name@=Melody Alonzo
@reason@=I'm excited that they asked us, we should definitely do it. GREAT exposure. 
@--------------------------------------@
@attend@=NO
@name@=Stephanie Chiang
@reason@=
@--------------------------------------@
@attend@=YES
@name@=Ben D'Angelo
@reason@=We gots style.
@--------------------------------------@
@attend@=YES
@name@=Brian Eggleston
@reason@=
@--------------------------------------@
@attend@=YES
@name@=Chris Wen
@reason@=
@--------------------------------------@
@attend@=YES
@name@=Dave Kale
@reason@=Woo good on-campus exposure. We should make this mandatory. ;)
@--------------------------------------@
@attend@=NO
@name@=Eric Lee
@reason@=Wednesday doesn't work
@--------------------------------------@
@attend@=YES
@name@=Guillaume Chorn
@reason@=This is NOT a Saturday, people.  May 17th is a WEDNESDAY.
@--------------------------------------@
@attend@=YES
@name@=Jason Sinocruz
@reason@=Given the timeframe, I am now free if needed, but I'll also be busy from 6-8pm.
@--------------------------------------@
@attend@=YES
@name@=Marc Rillera
@reason@=yeah urban styles girls are pretty hot. i wet my pants when melanie e-mailed me and asked us to perform. we should definitely do this, btw :)
@--------------------------------------@
