@attend@=YES
@name@=Chengos Lim
@reason@=i felt like such an asian when negotiating the price for this gig.  teehee!
@--------------------------------------@
@attend@=YES
@name@=Desiree Fabunan
@reason@=Read Melissa's reasoning
@--------------------------------------@
@attend@=NO
@name@=Jessica Bledin
@reason@=
@--------------------------------------@
@attend@=YES
@name@=Katy McCown
@reason@=
@--------------------------------------@
@attend@=NR
@name@=Meg Kale
@reason@=
@--------------------------------------@
@attend@=YES
@name@=Melissa Kunz
@reason@=i live there
@--------------------------------------@
@attend@=NR
@name@=Melody Alonzo
@reason@=
@--------------------------------------@
@attend@=NO
@name@=Stephanie Chiang
@reason@=
@--------------------------------------@
@attend@=YES
@name@=Ben D'Angelo
@reason@=It's pretty late, but I *could* do it.
@--------------------------------------@
@attend@=NO
@name@=Brian Eggleston
@reason@=
@--------------------------------------@
@attend@=YES
@name@=Chris Wen
@reason@=
@--------------------------------------@
@attend@=YES
@name@=Dave Kale
@reason@=I can do it, but I'd prefer not to.
@--------------------------------------@
@attend@=YES
@name@=Eric Lee
@reason@=
@--------------------------------------@
@attend@=NO
@name@=Guillaume Chorn
@reason@=I remembered it's the only time I can meet with a partner for a presentation due the next day
@--------------------------------------@
@attend@=NO
@name@=Jason Sinocruz
@reason@=I'll be chillin' with the Admit Weekend folks...have a good one!
@--------------------------------------@
@attend@=NO
@name@=Marc Rillera
@reason@=same reason as jason.
@--------------------------------------@
