@attend@=YES
@name@=Chengos Lim
@reason@=Are you kiddin' me?!?? Like, totally!! For sure!!! I'll even get a manicure!!!!
@--------------------------------------@
@attend@=YES
@name@=Desiree Fabunan
@reason@=
@--------------------------------------@
@attend@=YES
@name@=Jessica Bledin
@reason@=
@--------------------------------------@
@attend@=YES
@name@=Katy McCown
@reason@=
@--------------------------------------@
@attend@=YES
@name@=Meg Kale
@reason@=i'll perform. i ain't attending the f'ing ball though. grrrrrrr
@--------------------------------------@
@attend@=YES
@name@=Melissa Kunz
@reason@=they say it's like prom without the awkwardness. i need to see that.
@--------------------------------------@
@attend@=YES
@name@=Melody Alonzo
@reason@=OF COURSE OF COURSE OF COURSE!
@--------------------------------------@
@attend@=YES
@name@=Stephanie Chiang
@reason@=
@--------------------------------------@
@attend@=YES
@name@=Ben D'Angelo
@reason@=Think so.
@--------------------------------------@
@attend@=YES
@name@=Brian Eggleston
@reason@=
@--------------------------------------@
@attend@=YES
@name@=Chris Wen
@reason@=
@--------------------------------------@
@attend@=YES
@name@=Dave Kale
@reason@=I ain't no hollaback girl.
@--------------------------------------@
@attend@=YES
@name@=Eric Lee
@reason@=
@--------------------------------------@
@attend@=YES
@name@=Guillaume Chorn
@reason@=diggity
@--------------------------------------@
@attend@=YES
@name@=Jason Sinocruz
@reason@=
@--------------------------------------@
@attend@=YES
@name@=Marc Rillera
@reason@=yeah, i'll be at vie-knees. and i will give all of you a kiss after our performance... male, female, or other (wait, I don't think we have any others... oh hold up, there's Mel... joke! I love you Mel!)
@--------------------------------------@
