@attend@=YES
@name@=Chengos Lim
@reason@=YES!
@--------------------------------------@
@attend@=YES
@name@=Desiree Fabunan
@reason@=yes
@--------------------------------------@
@attend@=NO
@name@=Jessica Bledin
@reason@=I work on Friday, and I will be in LA that weekend.
@--------------------------------------@
@attend@=NR
@name@=Katy McCown
@reason@=
@--------------------------------------@
@attend@=YES
@name@=Meg Kale
@reason@=i love spring faire
@--------------------------------------@
@attend@=NO
@name@=Melissa Kunz
@reason@=Planning to host a kid's judo tournament that day
@--------------------------------------@
@attend@=YES
@name@=Melody Alonzo
@reason@=
@--------------------------------------@
@attend@=YES
@name@=Stephanie Chiang
@reason@=will this replace rehearsal?
@--------------------------------------@
@attend@=YES
@name@=Ben D'Angelo
@reason@=
@--------------------------------------@
@attend@=NO
@name@=Brian Eggleston
@reason@=hosting and staff stuff
@--------------------------------------@
@attend@=YES
@name@=Chris Wen
@reason@=
@--------------------------------------@
@attend@=YES
@name@=Dave Kale
@reason@=I'm down.
@--------------------------------------@
@attend@=YES
@name@=Eric Lee
@reason@=
@--------------------------------------@
@attend@=YES
@name@=Guillaume Chorn
@reason@=Probably, yeah
@--------------------------------------@
@attend@=YES
@name@=Jason Sinocruz
@reason@=
@--------------------------------------@
@attend@=YES
@name@=Marc Rillera
@reason@=
@--------------------------------------@
