@attend@=NR
@name@=Chelsea Garnett
@reason@=
@--------------------------------------@
@attend@=NR
@name@=Chengos Lim
@reason@=
@--------------------------------------@
@attend@=NR
@name@=Jessica Bledin
@reason@=
@--------------------------------------@
@attend@=NR
@name@=Karen Warner
@reason@=
@--------------------------------------@
@attend@=NR
@name@=Katy McCown
@reason@=
@--------------------------------------@
@attend@=NR
@name@=Lindsay Ashby
@reason@=
@--------------------------------------@
@attend@=NR
@name@=Lu-En Wai
@reason@=
@--------------------------------------@
@attend@=NR
@name@=Melissa Kunz
@reason@=
@--------------------------------------@
@attend@=NR
@name@=Melody Alonzo
@reason@=
@--------------------------------------@
@attend@=NR
@name@=Ben Newhouse
@reason@=
@--------------------------------------@
@attend@=NR
@name@=Carlos Fernandez
@reason@=
@--------------------------------------@
@attend@=NR
@name@=Chris Wen
@reason@=
@--------------------------------------@
@attend@=NR
@name@=Ed Fei
@reason@=
@--------------------------------------@
@attend@=NR
@name@=Jason Sinocruz
@reason@=
@--------------------------------------@
@attend@=NR
@name@=Marc Rillera
@reason@=
@--------------------------------------@
@attend@=NR
@name@=Miko Tsukimoto
@reason@=
@--------------------------------------@
@attend@=NR
@name@=Peter Bullen
@reason@=
@--------------------------------------@
