@attend@=YES
@name@=Melody Alonzo
@reason@=
@--------------------------------------@
@attend@=YES
@name@=Tiffany Cartwright
@reason@=
@--------------------------------------@
@attend@=NO
@name@=Stephanie Chiang
@reason@=will be at the mandatory (oh, life is hard!) Google ski trip. 
@--------------------------------------@
@attend@=YES
@name@=Kari Doyle
@reason@=
@--------------------------------------@
@attend@=YES
@name@=Evelyn Huang
@reason@=
@--------------------------------------@
@attend@=YES
@name@=Meg Kale
@reason@=
@--------------------------------------@
@attend@=YES
@name@=Chengos Lim
@reason@=
@--------------------------------------@
@attend@=NO
@name@=Sandra Liu
@reason@=Will be at a mandatory ski trip.  For reals.  Need manager approval to ditch.
@--------------------------------------@
@attend@=NR
@name@=Maria Reese
@reason@=
@--------------------------------------@
@attend@=NO
@name@=Audrey Tsang
@reason@=in Atlanta for work =(
@--------------------------------------@
@attend@=YES
@name@=Kevin Ball
@reason@=Sounds fine to me.
@--------------------------------------@
@attend@=NR
@name@=Guillaume Chorn
@reason@=
@--------------------------------------@
@attend@=NO
@name@=Jon Gaw
@reason@=class
@--------------------------------------@
@attend@=YES
@name@=Andy Huang
@reason@=
@--------------------------------------@
@attend@=YES
@name@=David Kale
@reason@="I won't take back my words...that's MY Way of the Ninja."
@--------------------------------------@
@attend@=YES
@name@=Eric Lee
@reason@=
@--------------------------------------@
@attend@=YES
@name@=Eric Liu
@reason@=
@--------------------------------------@
@attend@=NR
@name@=Ivan Parra
@reason@=
@--------------------------------------@
@attend@=YES
@name@=Marc Rillera
@reason@=
@--------------------------------------@
@attend@=YES
@name@=Tee Sing Tang
@reason@=
@--------------------------------------@
