@attend@=NR
@name@=Melody Alonzo
@reason@=
@--------------------------------------@
@attend@=NR
@name@=Tiffany Cartwright
@reason@=
@--------------------------------------@
@attend@=YES
@name@=Stephanie Chiang
@reason@=will be around...working...dancing...will be in Hawaii from 8/23 - 8/29
@--------------------------------------@
@attend@=YES
@name@=Kari Doyle
@reason@=might go to paris and prague dance weeks in july, but otherwise i'm around.
@--------------------------------------@
@attend@=NR
@name@=Evelyn Huang
@reason@=
@--------------------------------------@
@attend@=NR
@name@=Meg Kale
@reason@=
@--------------------------------------@
@attend@=YES
@name@=Chengos Lim
@reason@=Here till end of July, then back early September! Can't keep away from Swingtime :)
@--------------------------------------@
@attend@=NR
@name@=Sandra Liu
@reason@=
@--------------------------------------@
@attend@=NR
@name@=Maria Reese
@reason@=
@--------------------------------------@
@attend@=YES
@name@=Audrey Tsang
@reason@=Will be around most of summer with some travel plans in August or September that are still firming up.
@--------------------------------------@
@attend@=NR
@name@=Kevin Ball
@reason@=
@--------------------------------------@
@attend@=NR
@name@=Guillaume Chorn
@reason@=
@--------------------------------------@
@attend@=NR
@name@=Jon Gaw
@reason@=
@--------------------------------------@
@attend@=YES
@name@=Andy Huang
@reason@=will generally be around
@--------------------------------------@
@attend@=YES
@name@=David Kale
@reason@=DM: "With each brave deed, you grow more worthy...You will be rewarded! In time..." Eric: "In time for WHAT? Our retirement??" (Dungeons and Dragons cartoon)
@--------------------------------------@
@attend@=NR
@name@=Eric Lee
@reason@=
@--------------------------------------@
@attend@=YES
@name@=Eric Liu
@reason@=Will be available for most of summer, no travel plans
@--------------------------------------@
@attend@=NO
@name@=Ivan Parra
@reason@=out of the country
@--------------------------------------@
@attend@=NR
@name@=Marc Rillera
@reason@=
@--------------------------------------@
@attend@=NR
@name@=Tee Sing Tang
@reason@=
@--------------------------------------@
