@attend@=NR
@name@=Melody Alonzo
@reason@=
@--------------------------------------@
@attend@=NR
@name@=Tiffany Cartwright
@reason@=
@--------------------------------------@
@attend@=NR
@name@=Stephanie Chiang
@reason@=
@--------------------------------------@
@attend@=YES
@name@=Kari Doyle
@reason@=i think so, yeah
@--------------------------------------@
@attend@=NR
@name@=Evelyn Huang
@reason@=
@--------------------------------------@
@attend@=YES
@name@=Meg Kale
@reason@=
@--------------------------------------@
@attend@=NO
@name@=Chengos Lim
@reason@=Bummer! According to the Swingtime age scale, I'm only 13 :( 
@--------------------------------------@
@attend@=NR
@name@=Sandra Liu
@reason@=
@--------------------------------------@
@attend@=NR
@name@=Maria Reese
@reason@=
@--------------------------------------@
@attend@=YES
@name@=Audrey Tsang
@reason@=Card me, baby.
@--------------------------------------@
@attend@=NR
@name@=Kevin Ball
@reason@=
@--------------------------------------@
@attend@=NR
@name@=Guillaume Chorn
@reason@=
@--------------------------------------@
@attend@=NO
@name@=Jon Gaw
@reason@=not 21
@--------------------------------------@
@attend@=NR
@name@=Andy Huang
@reason@=
@--------------------------------------@
@attend@=NR
@name@=David Kale
@reason@=
@--------------------------------------@
@attend@=NR
@name@=Eric Lee
@reason@=
@--------------------------------------@
@attend@=NR
@name@=Eric Liu
@reason@=
@--------------------------------------@
@attend@=NR
@name@=Ivan Parra
@reason@=
@--------------------------------------@
@attend@=NR
@name@=Marc Rillera
@reason@=
@--------------------------------------@
@attend@=NR
@name@=Tee Sing Tang
@reason@=
@--------------------------------------@
