@attend@=NO
@name@=Melody Alonzo
@reason@=I'm flying home at 9am after pulling that all nighter, so yeah, I'm a definite no. This is my first No all year!
@--------------------------------------@
@attend@=YES
@name@=Tiffany Cartwright
@reason@=One of my drawmates is organizing Relay for Life, so I'd better say yes...
@--------------------------------------@
@attend@=NO
@name@=Stephanie Chiang
@reason@=I actually have no opinion, but I HAD to select a response. 
@--------------------------------------@
@attend@=NO
@name@=Kari Doyle
@reason@=If we do it, I can, but I'd rather not.
@--------------------------------------@
@attend@=NR
@name@=Evelyn Huang
@reason@=
@--------------------------------------@
@attend@=NR
@name@=Meg Kale
@reason@=
@--------------------------------------@
@attend@=NR
@name@=Chengos Lim
@reason@=
@--------------------------------------@
@attend@=NR
@name@=Sandra Liu
@reason@=
@--------------------------------------@
@attend@=NR
@name@=Maria Reese
@reason@=
@--------------------------------------@
@attend@=NO
@name@=Audrey Tsang
@reason@=Seems like a lot of work for not much returns.
@--------------------------------------@
@attend@=NR
@name@=Kevin Ball
@reason@=
@--------------------------------------@
@attend@=NR
@name@=Guillaume Chorn
@reason@=
@--------------------------------------@
@attend@=NR
@name@=Jon Gaw
@reason@=
@--------------------------------------@
@attend@=NO
@name@=Andy Huang
@reason@=i can probably make it, but my preference is not to do it.
@--------------------------------------@
@attend@=YES
@name@=David Kale
@reason@=Numa numa iei, numa numa numa iei
@--------------------------------------@
@attend@=YES
@name@=Eric Lee
@reason@=
@--------------------------------------@
@attend@=NO
@name@=Eric Liu
@reason@=I will be jetlagged and tired from big dance.  I'd rather concentrate on getting ready for spring show
@--------------------------------------@
@attend@=NR
@name@=Ivan Parra
@reason@=
@--------------------------------------@
@attend@=NR
@name@=Marc Rillera
@reason@=
@--------------------------------------@
@attend@=NR
@name@=Tee Sing Tang
@reason@=
@--------------------------------------@
