@attend@=YES
@name@=Melody Alonzo
@reason@=Seeing as how I'll probably already be there HOURS before the actual dance, yes I can do it. =) fun fun fun!
@--------------------------------------@
@attend@=YES
@name@=Tiffany Cartwright
@reason@=Yes for now, but my best friend in the whole world, who goes to UC Davis, turns 21 on the 12th, so I might not be here...
@--------------------------------------@
@attend@=YES
@name@=Stephanie Chiang
@reason@=
@--------------------------------------@
@attend@=YES
@name@=Kari Doyle
@reason@=
@--------------------------------------@
@attend@=YES
@name@=Evelyn Huang
@reason@=
@--------------------------------------@
@attend@=YES
@name@=Meg Kale
@reason@=
@--------------------------------------@
@attend@=YES
@name@=Chengos Lim
@reason@=More! More!
@--------------------------------------@
@attend@=YES
@name@=Sandra Liu
@reason@=
@--------------------------------------@
@attend@=YES
@name@=Maria Reese
@reason@=
@--------------------------------------@
@attend@=YES
@name@=Audrey Tsang
@reason@=I might be getting off a plane that day.  Don't know what my travel schedule is yet.  Should be ok.
@--------------------------------------@
@attend@=YES
@name@=Kevin Ball
@reason@=Yay for big dance!
@--------------------------------------@
@attend@=YES
@name@=Guillaume Chorn
@reason@=QUACK
@--------------------------------------@
@attend@=YES
@name@=Jon Gaw
@reason@=
@--------------------------------------@
@attend@=YES
@name@=Andy Huang
@reason@=
@--------------------------------------@
@attend@=YES
@name@=David Kale
@reason@=Bobby: "ERIC!! What’re you doing?" Eric: "Bein’ stupid, what else??" (Dungeons and Dragons cartoon)
@--------------------------------------@
@attend@=YES
@name@=Eric Lee
@reason@=
@--------------------------------------@
@attend@=YES
@name@=Eric Liu
@reason@=But will return from Japan the day before, so I may not be ready.  I will do my best though.
@--------------------------------------@
@attend@=YES
@name@=Ivan Parra
@reason@=MMWWWAAA!!!
@--------------------------------------@
@attend@=YES
@name@=Marc Rillera
@reason@=Shakin mah ass? Of course..
@--------------------------------------@
@attend@=YES
@name@=Tee Sing Tang
@reason@=
@--------------------------------------@
