@attend@=NO
@name@=Melody Alonzo
@reason@=I'm gonna say No because I'm pretty sure I'll be going home a little after finals. 
@--------------------------------------@
@attend@=YES
@name@=Tiffany Cartwright
@reason@=Most likely, but I will need extended housing...
@--------------------------------------@
@attend@=NO
@name@=Stephanie Chiang
@reason@=can't wear contacts because I'll be prepping for laser eye surgery...I guess I could perform semi-blind, but only if totally necessary
@--------------------------------------@
@attend@=YES
@name@=Kari Doyle
@reason@=woot.
@--------------------------------------@
@attend@=NO
@name@=Evelyn Huang
@reason@=most likely will be out of town. 
@--------------------------------------@
@attend@=YES
@name@=Meg Kale
@reason@=sure. why tf not?
@--------------------------------------@
@attend@=YES
@name@=Chengos Lim
@reason@=because i LOVE you guys!! :)
@--------------------------------------@
@attend@=NO
@name@=Sandra Liu
@reason@="Maybe" pending Andy & family. 
@--------------------------------------@
@attend@=NO
@name@=Maria Reese
@reason@=
@--------------------------------------@
@attend@=NO
@name@=Audrey Tsang
@reason@=Will be out of town
@--------------------------------------@
@attend@=NR
@name@=Kevin Ball
@reason@=
@--------------------------------------@
@attend@=YES
@name@=Guillaume Chorn
@reason@=chomp chomp
@--------------------------------------@
@attend@=YES
@name@=Jon Gaw
@reason@=
@--------------------------------------@
@attend@=NO
@name@=Andy Huang
@reason@=i have to say "maybe" now since i'm not sure what plans i'll have with my family that night, but i'll check for sure as soon as i can.
@--------------------------------------@
@attend@=YES
@name@=David Kale
@reason@=awesome
@--------------------------------------@
@attend@=NO
@name@=Eric Lee
@reason@=have to book it to USC for a summer program
@--------------------------------------@
@attend@=YES
@name@=Eric Liu
@reason@=good find Jules!
@--------------------------------------@
@attend@=NR
@name@=Ivan Parra
@reason@=
@--------------------------------------@
@attend@=NR
@name@=Marc Rillera
@reason@=
@--------------------------------------@
@attend@=NR
@name@=Tee Sing Tang
@reason@=
@--------------------------------------@
