@attend@=YES
@name@=Melody Alonzo
@reason@=
@--------------------------------------@
@attend@=YES
@name@=Tiffany Cartwright
@reason@=
@--------------------------------------@
@attend@=NO
@name@=Stephanie Chiang
@reason@=still in NY for business

@--------------------------------------@
@attend@=YES
@name@=Kari Doyle
@reason@=
@--------------------------------------@
@attend@=YES
@name@=Evelyn Huang
@reason@=
@--------------------------------------@
@attend@=YES
@name@=Meg Kale
@reason@=
@--------------------------------------@
@attend@=YES
@name@=Chengos Lim
@reason@=WOOOOOHOO FOR BEING ABLE TO DANCE!! Watch those stairs, everybody.  :)
@--------------------------------------@
@attend@=YES
@name@=Sandra Liu
@reason@=If someone can drive me to/back from campus and Mountain View I can make this.
@--------------------------------------@
@attend@=YES
@name@=Maria Reese
@reason@=sounds good! can we do hey-ya?! so i can learn it?! :)
@--------------------------------------@
@attend@=YES
@name@=Audrey Tsang
@reason@=
@--------------------------------------@
@attend@=NO
@name@=Kevin Ball
@reason@=Out O' town
@--------------------------------------@
@attend@=YES
@name@=Guillaume Chorn
@reason@=Ballet is cool.
@--------------------------------------@
@attend@=YES
@name@=Jon Gaw
@reason@=
@--------------------------------------@
@attend@=YES
@name@=Andy Huang
@reason@=
@--------------------------------------@
@attend@=YES
@name@=David Kale
@reason@=Yay! On-campus exposure!
@--------------------------------------@
@attend@=YES
@name@=Eric Lee
@reason@=
@--------------------------------------@
@attend@=YES
@name@=Eric Liu
@reason@=
@--------------------------------------@
@attend@=NR
@name@=Ivan Parra
@reason@=
@--------------------------------------@
@attend@=NR
@name@=Marc Rillera
@reason@=
@--------------------------------------@
@attend@=YES
@name@=Tee Sing Tang
@reason@=
@--------------------------------------@
