@attend@=YES
@name@=Melody Alonzo
@reason@=sure
@--------------------------------------@
@attend@=YES
@name@=Tiffany Cartwright
@reason@=
@--------------------------------------@
@attend@=NO
@name@=Stephanie Chiang
@reason@=will be in Seattle

@--------------------------------------@
@attend@=YES
@name@=Kari Doyle
@reason@=
@--------------------------------------@
@attend@=NO
@name@=Evelyn Huang
@reason@=
@--------------------------------------@
@attend@=YES
@name@=Meg Kale
@reason@=
@--------------------------------------@
@attend@=YES
@name@=Chengos Lim
@reason@=
@--------------------------------------@
@attend@=YES
@name@=Sandra Liu
@reason@=
@--------------------------------------@
@attend@=NO
@name@=Maria Reese
@reason@=outta town that weekend

@--------------------------------------@
@attend@=YES
@name@=Audrey Tsang
@reason@=Happy to sit out tho
@--------------------------------------@
@attend@=NO
@name@=Kevin Ball
@reason@=I don't think I can get guarantee to get there in time;  if you end up desparately needing another guy I can see what I can do.
@--------------------------------------@
@attend@=YES
@name@=Guillaume Chorn
@reason@=ABRONG
@--------------------------------------@
@attend@=YES
@name@=Jon Gaw
@reason@=
@--------------------------------------@
@attend@=YES
@name@=Andy Huang
@reason@=
@--------------------------------------@
@attend@=YES
@name@=David Kale
@reason@="Your father is a wookie?" - Eric the Cavalier, Dungeons and Dragons cartoon
@--------------------------------------@
@attend@=YES
@name@=Eric Lee
@reason@=
@--------------------------------------@
@attend@=NO
@name@=Eric Liu
@reason@=Still in japan =(
@--------------------------------------@
@attend@=YES
@name@=Ivan Parra
@reason@=I am your father.
@--------------------------------------@
@attend@=YES
@name@=Marc Rillera
@reason@=
@--------------------------------------@
@attend@=NO
@name@=Tee Sing Tang
@reason@=Doing a Habitat for Humanity with the brothers
@--------------------------------------@
