@attend@=YES
@name@=Melody Alonzo
@reason@=Admit weekend...YAY!! I saw Swingtime at my admit weekend, and now I'm on the other side...YAY. 
@--------------------------------------@
@attend@=YES
@name@=Tiffany Cartwright
@reason@=Yay, I actually know a ProFro this year! And he is one of the kids I used to teach swing to!
@--------------------------------------@
@attend@=YES
@name@=Stephanie Chiang
@reason@=
@--------------------------------------@
@attend@=YES
@name@=Kari Doyle
@reason@=
@--------------------------------------@
@attend@=YES
@name@=Evelyn Huang
@reason@=
@--------------------------------------@
@attend@=YES
@name@=Meg Kale
@reason@=
@--------------------------------------@
@attend@=YES
@name@=Chengos Lim
@reason@=Yay for ProFro's!
@--------------------------------------@
@attend@=NO
@name@=Sandra Liu
@reason@=volunteering at habitat for humanity that day
@--------------------------------------@
@attend@=NO
@name@=Maria Reese
@reason@=Outta town :(
@--------------------------------------@
@attend@=YES
@name@=Audrey Tsang
@reason@=Might be out of town, but yes for now.
@--------------------------------------@
@attend@=NO
@name@=Kevin Ball
@reason@=Class until 12:00
@--------------------------------------@
@attend@=YES
@name@=Guillaume Chorn
@reason@=MACDOI
@--------------------------------------@
@attend@=YES
@name@=Jon Gaw
@reason@=
@--------------------------------------@
@attend@=NO
@name@=Andy Huang
@reason@=volunteering at habitat for humanity that day
@--------------------------------------@
@attend@=YES
@name@=David Kale
@reason@="What's there to be confused about? All we have to do is find the heart of the prison and the dragon that speaks without walls, and we're home free!" - Eric the Cavalier, Dungeons and Dragons cartoon
@--------------------------------------@
@attend@=YES
@name@=Eric Lee
@reason@=
@--------------------------------------@
@attend@=NO
@name@=Eric Liu
@reason@=I'm on a plane to japan =(
@--------------------------------------@
@attend@=YES
@name@=Ivan Parra
@reason@=
@--------------------------------------@
@attend@=YES
@name@=Marc Rillera
@reason@=
@--------------------------------------@
@attend@=YES
@name@=Tee Sing Tang
@reason@=
@--------------------------------------@
