@attend@=NR
@name@=Melody Alonzo
@reason@=
@--------------------------------------@
@attend@=NR
@name@=Tiffany Cartwright
@reason@=
@--------------------------------------@
@attend@=YES
@name@=Stephanie Chiang
@reason@=I don't see why not...but it's so far away!
@--------------------------------------@
@attend@=NO
@name@=Kari Doyle
@reason@=work
@--------------------------------------@
@attend@=NR
@name@=Evelyn Huang
@reason@=
@--------------------------------------@
@attend@=NR
@name@=Meg Kale
@reason@=
@--------------------------------------@
@attend@=NR
@name@=Chengos Lim
@reason@=
@--------------------------------------@
@attend@=NR
@name@=Sandra Liu
@reason@=
@--------------------------------------@
@attend@=NR
@name@=Maria Reese
@reason@=
@--------------------------------------@
@attend@=YES
@name@=Audrey Tsang
@reason@=Since this is a Friday, I could go if I'm only taking off like an hour from work.  So basically, depends where the place is.
@--------------------------------------@
@attend@=NR
@name@=Kevin Ball
@reason@=
@--------------------------------------@
@attend@=NR
@name@=Guillaume Chorn
@reason@=
@--------------------------------------@
@attend@=NR
@name@=Jon Gaw
@reason@=
@--------------------------------------@
@attend@=NR
@name@=Andy Huang
@reason@=
@--------------------------------------@
@attend@=NO
@name@=David Kale
@reason@=Pretty sure I'll be out of town that week.
@--------------------------------------@
@attend@=NR
@name@=Eric Lee
@reason@=
@--------------------------------------@
@attend@=NR
@name@=Eric Liu
@reason@=
@--------------------------------------@
@attend@=NO
@name@=Ivan Parra
@reason@=out of the country
@--------------------------------------@
@attend@=NR
@name@=Marc Rillera
@reason@=
@--------------------------------------@
@attend@=NR
@name@=Tee Sing Tang
@reason@=
@--------------------------------------@
