@attend@=NR
@name@=Melody Alonzo
@reason@=
@--------------------------------------@
@attend@=NR
@name@=Tiffany Cartwright
@reason@=
@--------------------------------------@
@attend@=YES
@name@=Stephanie Chiang
@reason@=
@--------------------------------------@
@attend@=NR
@name@=Kari Doyle
@reason@=
@--------------------------------------@
@attend@=NO
@name@=Evelyn Huang
@reason@=
@--------------------------------------@
@attend@=NR
@name@=Meg Kale
@reason@=
@--------------------------------------@
@attend@=NR
@name@=Chengos Lim
@reason@=
@--------------------------------------@
@attend@=NO
@name@=Sandra Liu
@reason@=In New York for work!
@--------------------------------------@
@attend@=YES
@name@=Maria Reese
@reason@=
@--------------------------------------@
@attend@=NR
@name@=Audrey Tsang
@reason@=
@--------------------------------------@
@attend@=NR
@name@=Kevin Ball
@reason@=
@--------------------------------------@
@attend@=NR
@name@=Guillaume Chorn
@reason@=
@--------------------------------------@
@attend@=YES
@name@=Jon Gaw
@reason@=
@--------------------------------------@
@attend@=NR
@name@=Andy Huang
@reason@=
@--------------------------------------@
@attend@=YES
@name@=David Kale
@reason@=Alo? Salu?
@--------------------------------------@
@attend@=NR
@name@=Eric Lee
@reason@=
@--------------------------------------@
@attend@=NR
@name@=Eric Liu
@reason@=
@--------------------------------------@
@attend@=YES
@name@=Ivan Parra
@reason@=
@--------------------------------------@
@attend@=NR
@name@=Marc Rillera
@reason@=
@--------------------------------------@
@attend@=NR
@name@=Tee Sing Tang
@reason@=
@--------------------------------------@
