@attend@=NR
@name@=Melody Alonzo
@reason@=
@--------------------------------------@
@attend@=NR
@name@=Stephanie Chiang
@reason@=
@--------------------------------------@
@attend@=NR
@name@=Meg Kale
@reason@=
@--------------------------------------@
@attend@=NR
@name@=Chengos Lim
@reason@=
@--------------------------------------@
@attend@=NR
@name@=Guillaume Chorn
@reason@=
@--------------------------------------@
@attend@=NR
@name@=Jon Gaw
@reason@=
@--------------------------------------@
@attend@=NR
@name@=David Kale
@reason@=
@--------------------------------------@
@attend@=NR
@name@=Eric Lee
@reason@=
@--------------------------------------@
@attend@=NR
@name@=Marc Rillera
@reason@=
@--------------------------------------@