@attend@=YES
@name@=Melody Alonzo
@reason@=
@--------------------------------------@
@attend@=YES
@name@=Tiffany Cartwright
@reason@=
@--------------------------------------@
@attend@=NO
@name@=Stephanie Chiang
@reason@=
@--------------------------------------@
@attend@=YES
@name@=Kari Doyle
@reason@=
@--------------------------------------@
@attend@=YES
@name@=Evelyn Huang
@reason@=
@--------------------------------------@
@attend@=YES
@name@=Meg Kale
@reason@=
@--------------------------------------@
@attend@=YES
@name@=Chengos Lim
@reason@=
@--------------------------------------@
@attend@=NO
@name@=Sandra Liu
@reason@=    
@--------------------------------------@
@attend@=YES
@name@=Maria Reese
@reason@=me thinks yes!
@--------------------------------------@
@attend@=YES
@name@=Audrey Tsang
@reason@=It's my mom's bday, but i could probably make 2pm as long as we were done by 5pm at latest.
@--------------------------------------@
@attend@=NO
@name@=Kevin Ball
@reason@=
@--------------------------------------@
@attend@=YES
@name@=Guillaume Chorn
@reason@=Fuse, baby.
@--------------------------------------@
@attend@=YES
@name@=Jon Gaw
@reason@=
@--------------------------------------@
@attend@=NO
@name@=Andy Huang
@reason@=
@--------------------------------------@
@attend@=YES
@name@=David Kale
@reason@=
@--------------------------------------@
@attend@=YES
@name@=Eric Lee
@reason@=
@--------------------------------------@
@attend@=YES
@name@=Eric Liu
@reason@=
@--------------------------------------@
@attend@=NR
@name@=Ivan Parra
@reason@=
@--------------------------------------@
@attend@=YES
@name@=Marc Rillera
@reason@=Yeah I should be able to make it
@--------------------------------------@
@attend@=YES
@name@=Tee Sing Tang
@reason@=
@--------------------------------------@
