@attend@=YES
@name@=Melody Alonzo
@reason@=
@--------------------------------------@
@attend@=YES
@name@=Tiffany Cartwright
@reason@=
@--------------------------------------@
@attend@=NO
@name@=Stephanie Chiang
@reason@=I can cancel stuff if necessary, but I prefer not to

@--------------------------------------@
@attend@=NO
@name@=Kari Doyle
@reason@=BWBB rehearsal then KDC rehearsal
@--------------------------------------@
@attend@=NO
@name@=Evelyn Huang
@reason@=
@--------------------------------------@
@attend@=YES
@name@=Meg Kale
@reason@=
@--------------------------------------@
@attend@=YES
@name@=Chengos Lim
@reason@=No more midterms makes me want to dance
@--------------------------------------@
@attend@=YES
@name@=Sandra Liu
@reason@=
@--------------------------------------@
@attend@=YES
@name@=Maria Reese
@reason@=have bwbb then kdc rehearsal but would love to do it!
@--------------------------------------@
@attend@=YES
@name@=Audrey Tsang
@reason@=
@--------------------------------------@
@attend@=YES
@name@=Kevin Ball
@reason@=Should be fine :)
@--------------------------------------@
@attend@=YES
@name@=Guillaume Chorn
@reason@=CRAKOW
@--------------------------------------@
@attend@=YES
@name@=Jon Gaw
@reason@=
@--------------------------------------@
@attend@=YES
@name@=Andy Huang
@reason@=have kdc rehearsal, but should be able to make the gig first if it's right at 8:10
@--------------------------------------@
@attend@=YES
@name@=David Kale
@reason@=Mai la hee! Mai la huu! Mai la hoo! Mai la haha!
@--------------------------------------@
@attend@=YES
@name@=Eric Lee
@reason@=
@--------------------------------------@
@attend@=NO
@name@=Eric Liu
@reason@=Out of town
@--------------------------------------@
@attend@=NO
@name@=Ivan Parra
@reason@=Previous engagement.  I'll be in Carmel.
@--------------------------------------@
@attend@=YES
@name@=Marc Rillera
@reason@=
@--------------------------------------@
@attend@=YES
@name@=Tee Sing Tang
@reason@=
@--------------------------------------@
