@attend@=YES
@name@=Melody Alonzo
@reason@=
@--------------------------------------@
@attend@=YES
@name@=Tiffany Cartwright
@reason@=
@--------------------------------------@
@attend@=YES
@name@=Stephanie Chiang
@reason@=I think I'll be able to make it.

@--------------------------------------@
@attend@=NO
@name@=Kari Doyle
@reason@=i'm bridesmaiding in a wedding.
@--------------------------------------@
@attend@=YES
@name@=Evelyn Huang
@reason@=
@--------------------------------------@
@attend@=YES
@name@=Meg Kale
@reason@=
@--------------------------------------@
@attend@=YES
@name@=Chengos Lim
@reason@=
@--------------------------------------@
@attend@=NR
@name@=Sandra Liu
@reason@=
@--------------------------------------@
@attend@=NO
@name@=Maria Reese
@reason@=on a jet-plane to Vanderbilt

@--------------------------------------@
@attend@=YES
@name@=Audrey Tsang
@reason@=Though I would prefer to be the first one off the list if we have enough people.  And earlier in the day is best.
@--------------------------------------@
@attend@=YES
@name@=Kevin Ball
@reason@=I'm about 95% sure I can make this, which is probably good enough for now.
@--------------------------------------@
@attend@=NR
@name@=Guillaume Chorn
@reason@=
@--------------------------------------@
@attend@=YES
@name@=Jon Gaw
@reason@=
@--------------------------------------@
@attend@=NO
@name@=Andy Huang
@reason@=will likely be in tahoe
@--------------------------------------@
@attend@=YES
@name@=David Kale
@reason@=
@--------------------------------------@
@attend@=YES
@name@=Eric Lee
@reason@=I'll be at DM anyway.
@--------------------------------------@
@attend@=NO
@name@=Eric Liu
@reason@=Have a Deca ski trip
@--------------------------------------@
@attend@=NO
@name@=Ivan Parra
@reason@=Deca Ski Trip
@--------------------------------------@
@attend@=YES
@name@=Marc Rillera
@reason@=
@--------------------------------------@
@attend@=NR
@name@=Tee Sing Tang
@reason@=
@--------------------------------------@
