@attend@=NR
@name@=Melody Alonzo
@reason@=
@--------------------------------------@
@attend@=NR
@name@=Tiffany Cartwright
@reason@=
@--------------------------------------@
@attend@=NR
@name@=Stephanie Chiang
@reason@=
@--------------------------------------@
@attend@=YES
@name@=Kari Doyle
@reason@=obviously can't do 2/11 (v-ball), 2/18 is jammix i think (maybe we could perform at jammix?), but 2/25 would be okay
@--------------------------------------@
@attend@=NR
@name@=Evelyn Huang
@reason@=
@--------------------------------------@
@attend@=YES
@name@=Meg Kale
@reason@=whenever. i'll make it work.
@--------------------------------------@
@attend@=NR
@name@=Chengos Lim
@reason@=
@--------------------------------------@
@attend@=NR
@name@=Sandra Liu
@reason@=
@--------------------------------------@
@attend@=NR
@name@=Maria Reese
@reason@=
@--------------------------------------@
@attend@=NR
@name@=Audrey Tsang
@reason@=
@--------------------------------------@
@attend@=NR
@name@=Kevin Ball
@reason@=
@--------------------------------------@
@attend@=NR
@name@=Guillaume Chorn
@reason@=
@--------------------------------------@
@attend@=YES
@name@=Jon Gaw
@reason@=as long as its after 530
@--------------------------------------@
@attend@=NR
@name@=Andy Huang
@reason@=
@--------------------------------------@
@attend@=YES
@name@=David Kale
@reason@=As for right now, I can do anything.
@--------------------------------------@
@attend@=YES
@name@=Eric Lee
@reason@=2/25 works for me
@--------------------------------------@
@attend@=YES
@name@=Eric Liu
@reason@=Feb 18 or 25 is good for me
@--------------------------------------@
@attend@=NR
@name@=Ivan Parra
@reason@=
@--------------------------------------@
@attend@=NR
@name@=Marc Rillera
@reason@=
@--------------------------------------@
@attend@=YES
@name@=Tee Sing Tang
@reason@=
@--------------------------------------@
